c:\users\tyler kennett\documents\github\ogs-19.10\ogs-s18\x64\release\vc143.pdb
c:\users\tyler kennett\documents\github\ogs-19.10\ogs-s18\x64\release\gameplayabilities_functions.obj
c:\users\tyler kennett\documents\github\ogs-19.10\ogs-s18\x64\release\engine_functions.obj
c:\users\tyler kennett\documents\github\ogs-19.10\ogs-s18\x64\release\coreuobject_functions.obj
c:\users\tyler kennett\documents\github\ogs-19.10\ogs-s18\x64\release\basic.obj
c:\users\tyler kennett\documents\github\ogs-19.10\ogs-s18\x64\release\aimodule_functions.obj
c:\users\tyler kennett\documents\github\ogs-19.10\ogs-s18\x64\release\fortnitegame_functions.obj
c:\users\tyler kennett\documents\github\ogs-19.10\ogs-s18\x64\release\dllmain.obj
c:\users\tyler kennett\documents\github\ogs-19.10\x64\release\ogs-s18.dll
c:\users\tyler kennett\documents\github\ogs-19.10\x64\release\ogs-s18.pdb
c:\users\tyler kennett\documents\github\ogs-19.10\ogs-s18\x64\release\ogs-s18.ipdb
c:\users\tyler kennett\documents\github\ogs-19.10\ogs-s18\x64\release\ogs-s18.iobj
c:\users\tyler kennett\documents\github\ogs-19.10\ogs-s18\x64\release\ogs-s18.tlog\cl.command.1.tlog
c:\users\tyler kennett\documents\github\ogs-19.10\ogs-s18\x64\release\ogs-s18.tlog\cl.items.tlog
c:\users\tyler kennett\documents\github\ogs-19.10\ogs-s18\x64\release\ogs-s18.tlog\cl.read.1.tlog
c:\users\tyler kennett\documents\github\ogs-19.10\ogs-s18\x64\release\ogs-s18.tlog\cl.write.1.tlog
c:\users\tyler kennett\documents\github\ogs-19.10\ogs-s18\x64\release\ogs-s18.tlog\link.command.1.tlog
c:\users\tyler kennett\documents\github\ogs-19.10\ogs-s18\x64\release\ogs-s18.tlog\link.read.1.tlog
c:\users\tyler kennett\documents\github\ogs-19.10\ogs-s18\x64\release\ogs-s18.tlog\link.secondary.1.tlog
c:\users\tyler kennett\documents\github\ogs-19.10\ogs-s18\x64\release\ogs-s18.tlog\link.write.1.tlog
